<?xml version="1.0" encoding="UTF-8"?>
<testng-results ignored="0" total="1" passed="1" failed="0" skipped="0">
  <reporter-output>
  </reporter-output>
  <suite started-at="2025-03-08T09:05:45 UTC" name="Default suite" finished-at="2025-03-08T09:05:54 UTC" duration-ms="8502">
    <groups>
    </groups>
    <test started-at="2025-03-08T09:05:45 UTC" name="Default test" finished-at="2025-03-08T09:05:54 UTC" duration-ms="8502">
      <class name="tests.LoginTest">
        <test-method is-config="true" signature="setupReport()[pri:0, instance:tests.LoginTest@221a3fa4]" started-at="2025-03-08T09:05:45 UTC" name="setupReport" finished-at="2025-03-08T09:05:45 UTC" duration-ms="662" status="PASS">
          <reporter-output>
          </reporter-output>
        </test-method> <!-- setupReport -->
        <test-method is-config="true" signature="setUp()[pri:0, instance:tests.LoginTest@221a3fa4]" started-at="2025-03-08T09:05:45 UTC" name="setUp" finished-at="2025-03-08T09:05:52 UTC" duration-ms="6184" status="PASS">
          <reporter-output>
          </reporter-output>
        </test-method> <!-- setUp -->
        <test-method signature="testValidLogin()[pri:0, instance:tests.LoginTest@221a3fa4]" started-at="2025-03-08T09:05:52 UTC" name="testValidLogin" finished-at="2025-03-08T09:05:53 UTC" duration-ms="1732" status="PASS">
          <reporter-output>
          </reporter-output>
        </test-method> <!-- testValidLogin -->
        <test-method is-config="true" signature="tearDown(org.testng.ITestResult)[pri:0, instance:tests.LoginTest@221a3fa4]" started-at="2025-03-08T09:05:53 UTC" name="tearDown" finished-at="2025-03-08T09:05:54 UTC" duration-ms="525" status="PASS">
          <params>
            <param index="0">
              <value>
                <![CDATA[[TestResult name=testValidLogin status=SUCCESS method=LoginTest.testValidLogin()[pri:0, instance:tests.LoginTest@221a3fa4] output={null}]]]>
              </value>
            </param>
          </params>
          <reporter-output>
          </reporter-output>
        </test-method> <!-- tearDown -->
        <test-method is-config="true" signature="teardownReport()[pri:0, instance:tests.LoginTest@221a3fa4]" started-at="2025-03-08T09:05:54 UTC" name="teardownReport" finished-at="2025-03-08T09:05:55 UTC" duration-ms="766" status="PASS">
          <reporter-output>
          </reporter-output>
        </test-method> <!-- teardownReport -->
      </class> <!-- tests.LoginTest -->
    </test> <!-- Default test -->
  </suite> <!-- Default suite -->
</testng-results>
